2020-04-21 13:48:48 Error: [Cake\Database\Exception\MissingConnectionException] Connection to Mysql could not be established: SQLSTATE[HY000] [1045] Access denied for user 'my_app'@'localhost' (using password: YES) in C:\xampp\htdocs\cakeapp\vendor\cakephp\cakephp\src\Database\Driver.php on line 107
Exception Attributes: array (
  'driver' => 'Mysql',
  'reason' => 'SQLSTATE[HY000] [1045] Access denied for user \'my_app\'@\'localhost\' (using password: YES)',
)
Stack Trace:
- C:\xampp\htdocs\cakeapp\vendor\cakephp\cakephp\src\Database\Driver\Mysql.php:114
- C:\xampp\htdocs\cakeapp\vendor\cakephp\cakephp\src\Database\Schema\BaseSchema.php:47
- C:\xampp\htdocs\cakeapp\vendor\cakephp\cakephp\src\Database\Dialect\MysqlDialectTrait.php:65
- C:\xampp\htdocs\cakeapp\vendor\cakephp\cakephp\src\Database\Schema\Collection.php:53
- C:\xampp\htdocs\cakeapp\vendor\cakephp\cakephp\src\Database\Connection.php:400
- C:\xampp\htdocs\cakeapp\vendor\cakephp\bake\src\Utility\TableScanner.php:65
- C:\xampp\htdocs\cakeapp\vendor\cakephp\bake\src\Utility\TableScanner.php:82
- C:\xampp\htdocs\cakeapp\vendor\cakephp\bake\src\Command\ModelCommand.php:1079
- C:\xampp\htdocs\cakeapp\vendor\cakephp\bake\src\Command\ModelCommand.php:75
- C:\xampp\htdocs\cakeapp\vendor\cakephp\cakephp\src\Console\BaseCommand.php:175
- C:\xampp\htdocs\cakeapp\vendor\cakephp\cakephp\src\Console\CommandRunner.php:336
- C:\xampp\htdocs\cakeapp\vendor\cakephp\cakephp\src\Console\CommandRunner.php:171
- C:\xampp\htdocs\cakeapp\bin\cake.php:12

Caused by: [PDOException] SQLSTATE[HY000] [1045] Access denied for user 'my_app'@'localhost' (using password: YES) in C:\xampp\htdocs\cakeapp\vendor\cakephp\cakephp\src\Database\Driver.php on line 104
Stack Trace:
- C:\xampp\htdocs\cakeapp\vendor\cakephp\cakephp\src\Database\Driver.php:104
- C:\xampp\htdocs\cakeapp\vendor\cakephp\cakephp\src\Database\Driver\Mysql.php:114
- C:\xampp\htdocs\cakeapp\vendor\cakephp\cakephp\src\Database\Schema\BaseSchema.php:47
- C:\xampp\htdocs\cakeapp\vendor\cakephp\cakephp\src\Database\Dialect\MysqlDialectTrait.php:65
- C:\xampp\htdocs\cakeapp\vendor\cakephp\cakephp\src\Database\Schema\Collection.php:53
- C:\xampp\htdocs\cakeapp\vendor\cakephp\cakephp\src\Database\Connection.php:400
- C:\xampp\htdocs\cakeapp\vendor\cakephp\bake\src\Utility\TableScanner.php:65
- C:\xampp\htdocs\cakeapp\vendor\cakephp\bake\src\Utility\TableScanner.php:82
- C:\xampp\htdocs\cakeapp\vendor\cakephp\bake\src\Command\ModelCommand.php:1079
- C:\xampp\htdocs\cakeapp\vendor\cakephp\bake\src\Command\ModelCommand.php:75
- C:\xampp\htdocs\cakeapp\vendor\cakephp\cakephp\src\Console\BaseCommand.php:175
- C:\xampp\htdocs\cakeapp\vendor\cakephp\cakephp\src\Console\CommandRunner.php:336
- C:\xampp\htdocs\cakeapp\vendor\cakephp\cakephp\src\Console\CommandRunner.php:171
- C:\xampp\htdocs\cakeapp\bin\cake.php:12



2020-04-21 13:57:29 Error: [Cake\Database\Exception\MissingConnectionException] Connection to Mysql could not be established: SQLSTATE[HY000] [1045] Access denied for user 'my_app'@'localhost' (using password: YES) in C:\xampp\htdocs\cakeapp\vendor\cakephp\cakephp\src\Database\Driver.php on line 107
Exception Attributes: array (
  'driver' => 'Mysql',
  'reason' => 'SQLSTATE[HY000] [1045] Access denied for user \'my_app\'@\'localhost\' (using password: YES)',
)
Stack Trace:
- C:\xampp\htdocs\cakeapp\vendor\cakephp\cakephp\src\Database\Driver\Mysql.php:114
- C:\xampp\htdocs\cakeapp\vendor\cakephp\cakephp\src\Database\Schema\BaseSchema.php:47
- C:\xampp\htdocs\cakeapp\vendor\cakephp\cakephp\src\Database\Dialect\MysqlDialectTrait.php:65
- C:\xampp\htdocs\cakeapp\vendor\cakephp\cakephp\src\Database\Schema\Collection.php:53
- C:\xampp\htdocs\cakeapp\vendor\cakephp\cakephp\src\Database\Connection.php:400
- C:\xampp\htdocs\cakeapp\vendor\cakephp\bake\src\Utility\TableScanner.php:65
- C:\xampp\htdocs\cakeapp\vendor\cakephp\bake\src\Utility\TableScanner.php:82
- C:\xampp\htdocs\cakeapp\vendor\cakephp\bake\src\Command\ControllerCommand.php:58
- C:\xampp\htdocs\cakeapp\vendor\cakephp\cakephp\src\Console\BaseCommand.php:175
- C:\xampp\htdocs\cakeapp\vendor\cakephp\cakephp\src\Console\CommandRunner.php:336
- C:\xampp\htdocs\cakeapp\vendor\cakephp\cakephp\src\Console\CommandRunner.php:171
- C:\xampp\htdocs\cakeapp\bin\cake.php:12

Caused by: [PDOException] SQLSTATE[HY000] [1045] Access denied for user 'my_app'@'localhost' (using password: YES) in C:\xampp\htdocs\cakeapp\vendor\cakephp\cakephp\src\Database\Driver.php on line 104
Stack Trace:
- C:\xampp\htdocs\cakeapp\vendor\cakephp\cakephp\src\Database\Driver.php:104
- C:\xampp\htdocs\cakeapp\vendor\cakephp\cakephp\src\Database\Driver\Mysql.php:114
- C:\xampp\htdocs\cakeapp\vendor\cakephp\cakephp\src\Database\Schema\BaseSchema.php:47
- C:\xampp\htdocs\cakeapp\vendor\cakephp\cakephp\src\Database\Dialect\MysqlDialectTrait.php:65
- C:\xampp\htdocs\cakeapp\vendor\cakephp\cakephp\src\Database\Schema\Collection.php:53
- C:\xampp\htdocs\cakeapp\vendor\cakephp\cakephp\src\Database\Connection.php:400
- C:\xampp\htdocs\cakeapp\vendor\cakephp\bake\src\Utility\TableScanner.php:65
- C:\xampp\htdocs\cakeapp\vendor\cakephp\bake\src\Utility\TableScanner.php:82
- C:\xampp\htdocs\cakeapp\vendor\cakephp\bake\src\Command\ControllerCommand.php:58
- C:\xampp\htdocs\cakeapp\vendor\cakephp\cakephp\src\Console\BaseCommand.php:175
- C:\xampp\htdocs\cakeapp\vendor\cakephp\cakephp\src\Console\CommandRunner.php:336
- C:\xampp\htdocs\cakeapp\vendor\cakephp\cakephp\src\Console\CommandRunner.php:171
- C:\xampp\htdocs\cakeapp\bin\cake.php:12



2020-04-21 13:58:01 Error: [Cake\Database\Exception\MissingConnectionException] Connection to Mysql could not be established: SQLSTATE[HY000] [1045] Access denied for user 'my_app'@'localhost' (using password: YES) in C:\xampp\htdocs\cakeapp\vendor\cakephp\cakephp\src\Database\Driver.php on line 107
Exception Attributes: array (
  'driver' => 'Mysql',
  'reason' => 'SQLSTATE[HY000] [1045] Access denied for user \'my_app\'@\'localhost\' (using password: YES)',
)
Stack Trace:
- C:\xampp\htdocs\cakeapp\vendor\cakephp\cakephp\src\Database\Driver\Mysql.php:114
- C:\xampp\htdocs\cakeapp\vendor\cakephp\cakephp\src\Database\Schema\BaseSchema.php:47
- C:\xampp\htdocs\cakeapp\vendor\cakephp\cakephp\src\Database\Dialect\MysqlDialectTrait.php:65
- C:\xampp\htdocs\cakeapp\vendor\cakephp\cakephp\src\Database\Schema\Collection.php:53
- C:\xampp\htdocs\cakeapp\vendor\cakephp\cakephp\src\Database\Connection.php:400
- C:\xampp\htdocs\cakeapp\vendor\cakephp\bake\src\Utility\TableScanner.php:65
- C:\xampp\htdocs\cakeapp\vendor\cakephp\bake\src\Utility\TableScanner.php:82
- C:\xampp\htdocs\cakeapp\vendor\cakephp\bake\src\Command\TemplateCommand.php:110
- C:\xampp\htdocs\cakeapp\vendor\cakephp\cakephp\src\Console\BaseCommand.php:175
- C:\xampp\htdocs\cakeapp\vendor\cakephp\cakephp\src\Console\CommandRunner.php:336
- C:\xampp\htdocs\cakeapp\vendor\cakephp\cakephp\src\Console\CommandRunner.php:171
- C:\xampp\htdocs\cakeapp\bin\cake.php:12

Caused by: [PDOException] SQLSTATE[HY000] [1045] Access denied for user 'my_app'@'localhost' (using password: YES) in C:\xampp\htdocs\cakeapp\vendor\cakephp\cakephp\src\Database\Driver.php on line 104
Stack Trace:
- C:\xampp\htdocs\cakeapp\vendor\cakephp\cakephp\src\Database\Driver.php:104
- C:\xampp\htdocs\cakeapp\vendor\cakephp\cakephp\src\Database\Driver\Mysql.php:114
- C:\xampp\htdocs\cakeapp\vendor\cakephp\cakephp\src\Database\Schema\BaseSchema.php:47
- C:\xampp\htdocs\cakeapp\vendor\cakephp\cakephp\src\Database\Dialect\MysqlDialectTrait.php:65
- C:\xampp\htdocs\cakeapp\vendor\cakephp\cakephp\src\Database\Schema\Collection.php:53
- C:\xampp\htdocs\cakeapp\vendor\cakephp\cakephp\src\Database\Connection.php:400
- C:\xampp\htdocs\cakeapp\vendor\cakephp\bake\src\Utility\TableScanner.php:65
- C:\xampp\htdocs\cakeapp\vendor\cakephp\bake\src\Utility\TableScanner.php:82
- C:\xampp\htdocs\cakeapp\vendor\cakephp\bake\src\Command\TemplateCommand.php:110
- C:\xampp\htdocs\cakeapp\vendor\cakephp\cakephp\src\Console\BaseCommand.php:175
- C:\xampp\htdocs\cakeapp\vendor\cakephp\cakephp\src\Console\CommandRunner.php:336
- C:\xampp\htdocs\cakeapp\vendor\cakephp\cakephp\src\Console\CommandRunner.php:171
- C:\xampp\htdocs\cakeapp\bin\cake.php:12



2020-04-21 14:09:50 Error: [Cake\Database\Exception\MissingConnectionException] Connection to Mysql could not be established: SQLSTATE[HY000] [1045] Access denied for user 'my_app'@'localhost' (using password: YES) in C:\xampp\htdocs\cakeapp\vendor\cakephp\cakephp\src\Database\Driver.php on line 107
Exception Attributes: array (
  'driver' => 'Mysql',
  'reason' => 'SQLSTATE[HY000] [1045] Access denied for user \'my_app\'@\'localhost\' (using password: YES)',
)
Stack Trace:
- C:\xampp\htdocs\cakeapp\vendor\cakephp\cakephp\src\Database\Driver\Mysql.php:114
- C:\xampp\htdocs\cakeapp\vendor\cakephp\cakephp\src\Database\Schema\BaseSchema.php:47
- C:\xampp\htdocs\cakeapp\vendor\cakephp\cakephp\src\Database\Dialect\MysqlDialectTrait.php:65
- C:\xampp\htdocs\cakeapp\vendor\cakephp\cakephp\src\Database\Schema\Collection.php:53
- C:\xampp\htdocs\cakeapp\vendor\cakephp\cakephp\src\Database\Connection.php:400
- C:\xampp\htdocs\cakeapp\vendor\cakephp\bake\src\Utility\TableScanner.php:65
- C:\xampp\htdocs\cakeapp\vendor\cakephp\bake\src\Utility\TableScanner.php:82
- C:\xampp\htdocs\cakeapp\vendor\cakephp\bake\src\Command\ModelCommand.php:1079
- C:\xampp\htdocs\cakeapp\vendor\cakephp\bake\src\Command\ModelCommand.php:75
- C:\xampp\htdocs\cakeapp\vendor\cakephp\cakephp\src\Console\BaseCommand.php:175
- C:\xampp\htdocs\cakeapp\vendor\cakephp\cakephp\src\Console\CommandRunner.php:336
- C:\xampp\htdocs\cakeapp\vendor\cakephp\cakephp\src\Console\CommandRunner.php:171
- C:\xampp\htdocs\cakeapp\bin\cake.php:12

Caused by: [PDOException] SQLSTATE[HY000] [1045] Access denied for user 'my_app'@'localhost' (using password: YES) in C:\xampp\htdocs\cakeapp\vendor\cakephp\cakephp\src\Database\Driver.php on line 104
Stack Trace:
- C:\xampp\htdocs\cakeapp\vendor\cakephp\cakephp\src\Database\Driver.php:104
- C:\xampp\htdocs\cakeapp\vendor\cakephp\cakephp\src\Database\Driver\Mysql.php:114
- C:\xampp\htdocs\cakeapp\vendor\cakephp\cakephp\src\Database\Schema\BaseSchema.php:47
- C:\xampp\htdocs\cakeapp\vendor\cakephp\cakephp\src\Database\Dialect\MysqlDialectTrait.php:65
- C:\xampp\htdocs\cakeapp\vendor\cakephp\cakephp\src\Database\Schema\Collection.php:53
- C:\xampp\htdocs\cakeapp\vendor\cakephp\cakephp\src\Database\Connection.php:400
- C:\xampp\htdocs\cakeapp\vendor\cakephp\bake\src\Utility\TableScanner.php:65
- C:\xampp\htdocs\cakeapp\vendor\cakephp\bake\src\Utility\TableScanner.php:82
- C:\xampp\htdocs\cakeapp\vendor\cakephp\bake\src\Command\ModelCommand.php:1079
- C:\xampp\htdocs\cakeapp\vendor\cakephp\bake\src\Command\ModelCommand.php:75
- C:\xampp\htdocs\cakeapp\vendor\cakephp\cakephp\src\Console\BaseCommand.php:175
- C:\xampp\htdocs\cakeapp\vendor\cakephp\cakephp\src\Console\CommandRunner.php:336
- C:\xampp\htdocs\cakeapp\vendor\cakephp\cakephp\src\Console\CommandRunner.php:171
- C:\xampp\htdocs\cakeapp\bin\cake.php:12



2020-04-21 14:21:11 Error: [Cake\Database\Exception\MissingConnectionException] Connection to Mysql could not be established: SQLSTATE[HY000] [1045] Access denied for user 'my_app'@'localhost' (using password: YES) in C:\xampp\htdocs\cakeapp\vendor\cakephp\cakephp\src\Database\Driver.php on line 107
Exception Attributes: array (
  'driver' => 'Mysql',
  'reason' => 'SQLSTATE[HY000] [1045] Access denied for user \'my_app\'@\'localhost\' (using password: YES)',
)
Stack Trace:
- C:\xampp\htdocs\cakeapp\vendor\cakephp\cakephp\src\Database\Driver\Mysql.php:114
- C:\xampp\htdocs\cakeapp\vendor\cakephp\cakephp\src\Database\Schema\BaseSchema.php:47
- C:\xampp\htdocs\cakeapp\vendor\cakephp\cakephp\src\Database\Dialect\MysqlDialectTrait.php:65
- C:\xampp\htdocs\cakeapp\vendor\cakephp\cakephp\src\Database\Schema\Collection.php:53
- C:\xampp\htdocs\cakeapp\vendor\cakephp\cakephp\src\Database\Connection.php:400
- C:\xampp\htdocs\cakeapp\vendor\cakephp\bake\src\Utility\TableScanner.php:65
- C:\xampp\htdocs\cakeapp\vendor\cakephp\bake\src\Utility\TableScanner.php:82
- C:\xampp\htdocs\cakeapp\vendor\cakephp\bake\src\Command\ModelCommand.php:1079
- C:\xampp\htdocs\cakeapp\vendor\cakephp\bake\src\Command\ModelCommand.php:75
- C:\xampp\htdocs\cakeapp\vendor\cakephp\cakephp\src\Console\BaseCommand.php:175
- C:\xampp\htdocs\cakeapp\vendor\cakephp\cakephp\src\Console\CommandRunner.php:336
- C:\xampp\htdocs\cakeapp\vendor\cakephp\cakephp\src\Console\CommandRunner.php:171
- C:\xampp\htdocs\cakeapp\bin\cake.php:12

Caused by: [PDOException] SQLSTATE[HY000] [1045] Access denied for user 'my_app'@'localhost' (using password: YES) in C:\xampp\htdocs\cakeapp\vendor\cakephp\cakephp\src\Database\Driver.php on line 104
Stack Trace:
- C:\xampp\htdocs\cakeapp\vendor\cakephp\cakephp\src\Database\Driver.php:104
- C:\xampp\htdocs\cakeapp\vendor\cakephp\cakephp\src\Database\Driver\Mysql.php:114
- C:\xampp\htdocs\cakeapp\vendor\cakephp\cakephp\src\Database\Schema\BaseSchema.php:47
- C:\xampp\htdocs\cakeapp\vendor\cakephp\cakephp\src\Database\Dialect\MysqlDialectTrait.php:65
- C:\xampp\htdocs\cakeapp\vendor\cakephp\cakephp\src\Database\Schema\Collection.php:53
- C:\xampp\htdocs\cakeapp\vendor\cakephp\cakephp\src\Database\Connection.php:400
- C:\xampp\htdocs\cakeapp\vendor\cakephp\bake\src\Utility\TableScanner.php:65
- C:\xampp\htdocs\cakeapp\vendor\cakephp\bake\src\Utility\TableScanner.php:82
- C:\xampp\htdocs\cakeapp\vendor\cakephp\bake\src\Command\ModelCommand.php:1079
- C:\xampp\htdocs\cakeapp\vendor\cakephp\bake\src\Command\ModelCommand.php:75
- C:\xampp\htdocs\cakeapp\vendor\cakephp\cakephp\src\Console\BaseCommand.php:175
- C:\xampp\htdocs\cakeapp\vendor\cakephp\cakephp\src\Console\CommandRunner.php:336
- C:\xampp\htdocs\cakeapp\vendor\cakephp\cakephp\src\Console\CommandRunner.php:171
- C:\xampp\htdocs\cakeapp\bin\cake.php:12



2020-04-21 14:22:00 Error: [Cake\Database\Exception\MissingConnectionException] Connection to Mysql could not be established: SQLSTATE[HY000] [1045] Access denied for user 'my_app'@'localhost' (using password: YES) in C:\xampp\htdocs\cakeapp\vendor\cakephp\cakephp\src\Database\Driver.php on line 107
Exception Attributes: array (
  'driver' => 'Mysql',
  'reason' => 'SQLSTATE[HY000] [1045] Access denied for user \'my_app\'@\'localhost\' (using password: YES)',
)
Stack Trace:
- C:\xampp\htdocs\cakeapp\vendor\cakephp\cakephp\src\Database\Driver\Mysql.php:114
- C:\xampp\htdocs\cakeapp\vendor\cakephp\cakephp\src\Database\Schema\BaseSchema.php:47
- C:\xampp\htdocs\cakeapp\vendor\cakephp\cakephp\src\Database\Dialect\MysqlDialectTrait.php:65
- C:\xampp\htdocs\cakeapp\vendor\cakephp\cakephp\src\Database\Schema\Collection.php:53
- C:\xampp\htdocs\cakeapp\vendor\cakephp\cakephp\src\Database\Connection.php:400
- C:\xampp\htdocs\cakeapp\vendor\cakephp\bake\src\Utility\TableScanner.php:65
- C:\xampp\htdocs\cakeapp\vendor\cakephp\bake\src\Utility\TableScanner.php:82
- C:\xampp\htdocs\cakeapp\vendor\cakephp\bake\src\Command\ModelCommand.php:1079
- C:\xampp\htdocs\cakeapp\vendor\cakephp\bake\src\Command\ModelCommand.php:75
- C:\xampp\htdocs\cakeapp\vendor\cakephp\cakephp\src\Console\BaseCommand.php:175
- C:\xampp\htdocs\cakeapp\vendor\cakephp\cakephp\src\Console\CommandRunner.php:336
- C:\xampp\htdocs\cakeapp\vendor\cakephp\cakephp\src\Console\CommandRunner.php:171
- C:\xampp\htdocs\cakeapp\bin\cake.php:12

Caused by: [PDOException] SQLSTATE[HY000] [1045] Access denied for user 'my_app'@'localhost' (using password: YES) in C:\xampp\htdocs\cakeapp\vendor\cakephp\cakephp\src\Database\Driver.php on line 104
Stack Trace:
- C:\xampp\htdocs\cakeapp\vendor\cakephp\cakephp\src\Database\Driver.php:104
- C:\xampp\htdocs\cakeapp\vendor\cakephp\cakephp\src\Database\Driver\Mysql.php:114
- C:\xampp\htdocs\cakeapp\vendor\cakephp\cakephp\src\Database\Schema\BaseSchema.php:47
- C:\xampp\htdocs\cakeapp\vendor\cakephp\cakephp\src\Database\Dialect\MysqlDialectTrait.php:65
- C:\xampp\htdocs\cakeapp\vendor\cakephp\cakephp\src\Database\Schema\Collection.php:53
- C:\xampp\htdocs\cakeapp\vendor\cakephp\cakephp\src\Database\Connection.php:400
- C:\xampp\htdocs\cakeapp\vendor\cakephp\bake\src\Utility\TableScanner.php:65
- C:\xampp\htdocs\cakeapp\vendor\cakephp\bake\src\Utility\TableScanner.php:82
- C:\xampp\htdocs\cakeapp\vendor\cakephp\bake\src\Command\ModelCommand.php:1079
- C:\xampp\htdocs\cakeapp\vendor\cakephp\bake\src\Command\ModelCommand.php:75
- C:\xampp\htdocs\cakeapp\vendor\cakephp\cakephp\src\Console\BaseCommand.php:175
- C:\xampp\htdocs\cakeapp\vendor\cakephp\cakephp\src\Console\CommandRunner.php:336
- C:\xampp\htdocs\cakeapp\vendor\cakephp\cakephp\src\Console\CommandRunner.php:171
- C:\xampp\htdocs\cakeapp\bin\cake.php:12



2020-04-21 14:23:36 Error: [Cake\Database\Exception\MissingConnectionException] Connection to Mysql could not be established: SQLSTATE[HY000] [1045] Access denied for user 'my_app'@'localhost' (using password: YES) in C:\xampp\htdocs\cakeapp\vendor\cakephp\cakephp\src\Database\Driver.php on line 107
Exception Attributes: array (
  'driver' => 'Mysql',
  'reason' => 'SQLSTATE[HY000] [1045] Access denied for user \'my_app\'@\'localhost\' (using password: YES)',
)
Stack Trace:
- C:\xampp\htdocs\cakeapp\vendor\cakephp\cakephp\src\Database\Driver\Mysql.php:114
- C:\xampp\htdocs\cakeapp\vendor\cakephp\cakephp\src\Database\Schema\BaseSchema.php:47
- C:\xampp\htdocs\cakeapp\vendor\cakephp\cakephp\src\Database\Dialect\MysqlDialectTrait.php:65
- C:\xampp\htdocs\cakeapp\vendor\cakephp\cakephp\src\Database\Schema\Collection.php:53
- C:\xampp\htdocs\cakeapp\vendor\cakephp\cakephp\src\Database\Connection.php:400
- C:\xampp\htdocs\cakeapp\vendor\cakephp\bake\src\Utility\TableScanner.php:65
- C:\xampp\htdocs\cakeapp\vendor\cakephp\bake\src\Utility\TableScanner.php:82
- C:\xampp\htdocs\cakeapp\vendor\cakephp\bake\src\Command\ModelCommand.php:1079
- C:\xampp\htdocs\cakeapp\vendor\cakephp\bake\src\Command\ModelCommand.php:75
- C:\xampp\htdocs\cakeapp\vendor\cakephp\cakephp\src\Console\BaseCommand.php:175
- C:\xampp\htdocs\cakeapp\vendor\cakephp\cakephp\src\Console\CommandRunner.php:336
- C:\xampp\htdocs\cakeapp\vendor\cakephp\cakephp\src\Console\CommandRunner.php:171
- C:\xampp\htdocs\cakeapp\bin\cake.php:12

Caused by: [PDOException] SQLSTATE[HY000] [1045] Access denied for user 'my_app'@'localhost' (using password: YES) in C:\xampp\htdocs\cakeapp\vendor\cakephp\cakephp\src\Database\Driver.php on line 104
Stack Trace:
- C:\xampp\htdocs\cakeapp\vendor\cakephp\cakephp\src\Database\Driver.php:104
- C:\xampp\htdocs\cakeapp\vendor\cakephp\cakephp\src\Database\Driver\Mysql.php:114
- C:\xampp\htdocs\cakeapp\vendor\cakephp\cakephp\src\Database\Schema\BaseSchema.php:47
- C:\xampp\htdocs\cakeapp\vendor\cakephp\cakephp\src\Database\Dialect\MysqlDialectTrait.php:65
- C:\xampp\htdocs\cakeapp\vendor\cakephp\cakephp\src\Database\Schema\Collection.php:53
- C:\xampp\htdocs\cakeapp\vendor\cakephp\cakephp\src\Database\Connection.php:400
- C:\xampp\htdocs\cakeapp\vendor\cakephp\bake\src\Utility\TableScanner.php:65
- C:\xampp\htdocs\cakeapp\vendor\cakephp\bake\src\Utility\TableScanner.php:82
- C:\xampp\htdocs\cakeapp\vendor\cakephp\bake\src\Command\ModelCommand.php:1079
- C:\xampp\htdocs\cakeapp\vendor\cakephp\bake\src\Command\ModelCommand.php:75
- C:\xampp\htdocs\cakeapp\vendor\cakephp\cakephp\src\Console\BaseCommand.php:175
- C:\xampp\htdocs\cakeapp\vendor\cakephp\cakephp\src\Console\CommandRunner.php:336
- C:\xampp\htdocs\cakeapp\vendor\cakephp\cakephp\src\Console\CommandRunner.php:171
- C:\xampp\htdocs\cakeapp\bin\cake.php:12



